(---------------------------------------------------------------------)
(                                                                     )
(    ARTWORK LOG                                                      )
(                                                                     )
(    Drawing          : CC13xxEM_5XD_7793_4L.brd                      )
(    Software Version : 16.6S026                                      )
(    Date/Time        : Wed Aug 05 15:39:24 2015                      )
(                                                                     )
(---------------------------------------------------------------------)


 ---- Photoplot outline rectangle not found; using drawing extents.



Results from parameter file ...
    DEVICE-TYPE           GERBER_RS274X
    OUTPUT-UNITS          MM
    FILM-SIZE             2400000 1600000
    FORMAT                2.5
    ABORT-ON-ERROR        NO
    SCALE                 1
    SUPPRESS-LEAD-ZEROES  YES
    SUPPRESS-TRAIL-ZEROES NO
    SUPPRESS-EQUAL        YES
    UNDEF-APT-CONT        NO


================================================================
     PROCESSING FILM < paste_top >
     TO FILE < C:/svn_work/cc13xx/CC13xx_EM_Design/5x5/CC13xxEM-5XD-7793_L4/Cadence/Allegro/paste_top.art > ...
================================================================

  FILM PARAMETERS :
  ---------------------------------------------------------
  Undefined line width                0.020
  Mirror code                         NONE
  Rotate angle                        NONE
  Offset x:                           0.000
  Offset y:                           0.000
  Plot negative                       NO
  Suppress unconnected internal pads  NO
  Draw holes only                     NO



  APERTURES USED:
  ---------------------------------------------------------
  TYPE       SIZE/NAME                   ROT   MIRROR MODE 
  ---------------------------------------------------------
  CIRCLE     0.02000                                  DARK 
  CIRCLE     1.80100                                  DARK 
  SQUARE     3.55000                     0.000 NO     DARK 
  OBLONG     0.30000     x 0.90000       0.000 NO     DARK 
  OBLONG     0.30000     x 0.90000      90.000 NO     DARK 
  PAD SHAPE  SHAPE_750RECT900            0.000 NO     DARK 
  PAD SHAPE  SHAPE_540RECT550            0.000 NO     DARK 
  PAD SHAPE  SHAPE_2000RECT2000          0.000 NO     DARK 
  PAD SHAPE  SHAPE_540RECTX550          90.000 NO     DARK 
  PAD SHAPE  SHAPE_540RECT550           90.000 NO     DARK 
  PAD SHAPE  SHAPE_750RECTX900          90.000 NO     DARK 
  PAD SHAPE  SHAPE_750RECTX900         180.000 NO     DARK 
  PAD SHAPE  SHAPE_540RECT550          180.000 NO     DARK 
  PAD SHAPE  SHAPE_1100RECT1200        180.000 NO     DARK 
  PAD SHAPE  SHAPE_540RECTX550         180.000 NO     DARK 
  PAD SHAPE  SHAPE_540RECT550          270.000 NO     DARK 
  PAD SHAPE  SHAPE_1000RECT1800        270.000 NO     DARK 
  PAD SHAPE  SHAPE_950RECT1350         270.000 NO     DARK 

     paste_top created.


================================================================
     PROCESSING FILM < paste_bottom >
     TO FILE < C:/svn_work/cc13xx/CC13xx_EM_Design/5x5/CC13xxEM-5XD-7793_L4/Cadence/Allegro/paste_bottom.art > ...
================================================================

  FILM PARAMETERS :
  ---------------------------------------------------------
  Undefined line width                0.020
  Mirror code                         NONE
  Rotate angle                        NONE
  Offset x:                           0.000
  Offset y:                           0.000
  Plot negative                       NO
  Suppress unconnected internal pads  NO
  Draw holes only                     NO



  APERTURES USED:
  ---------------------------------------------------------
  TYPE       SIZE/NAME                   ROT   MIRROR MODE 
  ---------------------------------------------------------
  CIRCLE     0.02000                                  DARK 
  OBLONG     0.65000     x 2.05000      90.000 NO     DARK 

     paste_bottom created.


================================================================
     PROCESSING FILM < soldmask_top >
     TO FILE < C:/svn_work/cc13xx/CC13xx_EM_Design/5x5/CC13xxEM-5XD-7793_L4/Cadence/Allegro/soldmask_top.art > ...
================================================================

  FILM PARAMETERS :
  ---------------------------------------------------------
  Undefined line width                0.020
  Mirror code                         NONE
  Rotate angle                        NONE
  Offset x:                           0.000
  Offset y:                           0.000
  Plot negative                       NO
  Suppress unconnected internal pads  NO
  Draw holes only                     NO



  APERTURES USED:
  ---------------------------------------------------------
  TYPE       SIZE/NAME                   ROT   MIRROR MODE 
  ---------------------------------------------------------
  CIRCLE     0.02000                                  DARK 
  CIRCLE     1.69900                                  DARK 
  CIRCLE     1.95100                                  DARK 
  SQUARE     1.15000                     0.000 NO     DARK 
  SQUARE     3.70000                     0.000 NO     DARK 
  OBLONG     0.40000     x 1.00000       0.000 NO     DARK 
  OBLONG     0.40000     x 1.00000      90.000 NO     DARK 
  OBLONG     1.15000     x 1.15000       0.000 NO     DARK 
  PAD SHAPE  SHAPE_640RECT650            0.000 NO     DARK 
  PAD SHAPE  SHAPE_2150RECT2150          0.000 NO     DARK 
  PAD SHAPE  SHAPE_900RECT1050           0.000 NO     DARK 
  PAD SHAPE  SHAPE_640RECT650           90.000 NO     DARK 
  PAD SHAPE  SHAPE_900RECTX1050         90.000 NO     DARK 
  PAD SHAPE  SHAPE_640RECTX650          90.000 NO     DARK 
  PAD SHAPE  SHAPE_640RECT650          180.000 NO     DARK 
  PAD SHAPE  SHAPE_640RECTX650         180.000 NO     DARK 
  PAD SHAPE  SHAPE_1250RECT1350        180.000 NO     DARK 
  PAD SHAPE  SHAPE_900RECTX1050        180.000 NO     DARK 
  PAD SHAPE  SHAPE_1100RECT1500        270.000 NO     DARK 
  PAD SHAPE  SHAPE_640RECT650          270.000 NO     DARK 
  PAD SHAPE  SHAPE_1150RECT1950        270.000 NO     DARK 

     soldmask_top created.


================================================================
     PROCESSING FILM < soldmask_bottom >
     TO FILE < C:/svn_work/cc13xx/CC13xx_EM_Design/5x5/CC13xxEM-5XD-7793_L4/Cadence/Allegro/soldmask_bottom.art > ...
================================================================

  FILM PARAMETERS :
  ---------------------------------------------------------
  Undefined line width                0.020
  Mirror code                         NONE
  Rotate angle                        NONE
  Offset x:                           0.000
  Offset y:                           0.000
  Plot negative                       NO
  Suppress unconnected internal pads  NO
  Draw holes only                     NO



  APERTURES USED:
  ---------------------------------------------------------
  TYPE       SIZE/NAME                   ROT   MIRROR MODE 
  ---------------------------------------------------------
  CIRCLE     0.02000                                  DARK 
  CIRCLE     0.50000                                  DARK 
  CIRCLE     0.65000                                  DARK 
  CIRCLE     1.69900                                  DARK 
  OBLONG     0.80000     x 2.20000      90.000 NO     DARK 
  OBLONG     1.15000     x 1.15000       0.000 NO     DARK 

     soldmask_bottom created.


================================================================
     PROCESSING FILM < silk_top >
     TO FILE < C:/svn_work/cc13xx/CC13xx_EM_Design/5x5/CC13xxEM-5XD-7793_L4/Cadence/Allegro/silk_top.art > ...
================================================================

  FILM PARAMETERS :
  ---------------------------------------------------------
  Undefined line width                0.020
  Mirror code                         NONE
  Rotate angle                        NONE
  Offset x:                           0.000
  Offset y:                           0.000
  Plot negative                       NO
  Suppress unconnected internal pads  NO
  Draw holes only                     NO



  APERTURES USED:
  ---------------------------------------------------------
  TYPE       SIZE/NAME                   ROT   MIRROR MODE 
  ---------------------------------------------------------
  CIRCLE     0.02000                                  DARK 
  CIRCLE     0.10000                                  DARK 

     silk_top created.


================================================================
     PROCESSING FILM < silk_bottom >
     TO FILE < C:/svn_work/cc13xx/CC13xx_EM_Design/5x5/CC13xxEM-5XD-7793_L4/Cadence/Allegro/silk_bottom.art > ...
================================================================

  FILM PARAMETERS :
  ---------------------------------------------------------
  Undefined line width                0.020
  Mirror code                         NONE
  Rotate angle                        NONE
  Offset x:                           0.000
  Offset y:                           0.000
  Plot negative                       NO
  Suppress unconnected internal pads  NO
  Draw holes only                     NO

    WARNING: Arc segment with end points of
	(128.58, 101.02) and (128.33 100.76) converted to a line.
	Its center location (230.45 -0.70) is too large for
	specified integer accuracy of 2 places.



  APERTURES USED:
  ---------------------------------------------------------
  TYPE       SIZE/NAME                   ROT   MIRROR MODE 
  ---------------------------------------------------------
  CIRCLE     0.02000                                  DARK 
  CIRCLE     0.10000                                  DARK 

     silk_bottom created with warnings


================================================================
     PROCESSING FILM < assembly_bottom >
     TO FILE < C:/svn_work/cc13xx/CC13xx_EM_Design/5x5/CC13xxEM-5XD-7793_L4/Cadence/Allegro/assembly_bottom.art > ...
================================================================

  FILM PARAMETERS :
  ---------------------------------------------------------
  Undefined line width                0.020
  Mirror code                         NONE
  Rotate angle                        NONE
  Offset x:                           0.000
  Offset y:                           0.000
  Plot negative                       NO
  Suppress unconnected internal pads  NO
  Draw holes only                     NO

    WARNING: 0 width line found at (111.657 98.849)
           ... using undefined line width of 0.020

    WARNING: Multiple 0 width lines; all will be treated the same as the first.
           ... using undefined line width of 0.020



  APERTURES USED:
  ---------------------------------------------------------
  TYPE       SIZE/NAME                   ROT   MIRROR MODE 
  ---------------------------------------------------------
  CIRCLE     0.02000                                  DARK 
  CIRCLE     0.10000                                  DARK 

     assembly_bottom created with warnings


================================================================
     PROCESSING FILM < assembly_top >
     TO FILE < C:/svn_work/cc13xx/CC13xx_EM_Design/5x5/CC13xxEM-5XD-7793_L4/Cadence/Allegro/assembly_top.art > ...
================================================================

  FILM PARAMETERS :
  ---------------------------------------------------------
  Undefined line width                0.020
  Mirror code                         NONE
  Rotate angle                        NONE
  Offset x:                           0.000
  Offset y:                           0.000
  Plot negative                       NO
  Suppress unconnected internal pads  NO
  Draw holes only                     NO



  APERTURES USED:
  ---------------------------------------------------------
  TYPE       SIZE/NAME                   ROT   MIRROR MODE 
  ---------------------------------------------------------
  CIRCLE     0.02000                                  DARK 
  CIRCLE     0.05000                                  DARK 

     assembly_top created.


================================================================
     PROCESSING FILM < drill >
     TO FILE < C:/svn_work/cc13xx/CC13xx_EM_Design/5x5/CC13xxEM-5XD-7793_L4/Cadence/Allegro/drill.art > ...
================================================================

  FILM PARAMETERS :
  ---------------------------------------------------------
  Undefined line width                0.020
  Mirror code                         NONE
  Rotate angle                        NONE
  Offset x:                           0.000
  Offset y:                           0.000
  Plot negative                       NO
  Suppress unconnected internal pads  NO
  Draw holes only                     NO

    WARNING: text composed 0 width line found at (90.338 109.645)
           ... using undefined line width of 0.020

    WARNING: text having Multiple 0 width lines; all will be treated the same as the first.
           ... using undefined line width of 0.020



  APERTURES USED:
  ---------------------------------------------------------
  TYPE       SIZE/NAME                   ROT   MIRROR MODE 
  ---------------------------------------------------------
  CIRCLE     0.02000                                  DARK 

     drill created with warnings


================================================================
     PROCESSING FILM < assembly_bot_mir >
     TO FILE < C:/svn_work/cc13xx/CC13xx_EM_Design/5x5/CC13xxEM-5XD-7793_L4/Cadence/Allegro/assembly_bot_mir.art > ...
================================================================

  FILM PARAMETERS :
  ---------------------------------------------------------
  Undefined line width                0.020
  Mirror code                         X
  Rotate angle                        NONE
  Offset x:                           0.000
  Offset y:                           0.000
  Plot negative                       NO
  Suppress unconnected internal pads  NO
  Draw holes only                     NO



  APERTURES USED:
  ---------------------------------------------------------
  TYPE       SIZE/NAME                   ROT   MIRROR MODE 
  ---------------------------------------------------------
  CIRCLE     0.02000                                  DARK 
  CIRCLE     0.10000                                  DARK 

     assembly_bot_mir created.


================================================================
     PROCESSING FILM < Top >
     TO FILE < C:/svn_work/cc13xx/CC13xx_EM_Design/5x5/CC13xxEM-5XD-7793_L4/Cadence/Allegro/Top.art > ...
================================================================

  FILM PARAMETERS :
  ---------------------------------------------------------
  Undefined line width                0.020
  Mirror code                         NONE
  Rotate angle                        NONE
  Offset x:                           0.000
  Offset y:                           0.000
  Plot negative                       NO
  Suppress unconnected internal pads  NO
  Draw holes only                     NO



  APERTURES USED:
  ---------------------------------------------------------
  TYPE       SIZE/NAME                   ROT   MIRROR MODE 
  ---------------------------------------------------------
  CIRCLE     0.02000                                  DARK 
  CIRCLE     0.09900                                  DARK 
  CIRCLE     0.15000                                  DARK 
  CIRCLE     0.25000                                  DARK 
  CIRCLE     0.30000                                  DARK 
  CIRCLE     0.32000                                  DARK 
  CIRCLE     0.50000                                  DARK 
  CIRCLE     0.80000                                  DARK 
  CIRCLE     1.80100                                  DARK 
  SQUARE     1.00000                     0.000 NO     DARK 
  SQUARE     3.55000                     0.000 NO     DARK 
  OBLONG     0.30000     x 0.90000       0.000 NO     DARK 
  OBLONG     0.30000     x 0.90000      90.000 NO     DARK 
  OBLONG     1.00000     x 1.00000       0.000 NO     DARK 
  PAD SHAPE  SHAPE_750RECT900            0.000 NO     DARK 
  PAD SHAPE  SHAPE_540RECT550            0.000 NO     DARK 
  PAD SHAPE  SHAPE_2000RECT2000          0.000 NO     DARK 
  PAD SHAPE  SHAPE_540RECT550           90.000 NO     DARK 
  PAD SHAPE  SHAPE_750RECTX900          90.000 NO     DARK 
  PAD SHAPE  SHAPE_540RECTX550          90.000 NO     DARK 
  PAD SHAPE  SHAPE_540RECT550          180.000 NO     DARK 
  PAD SHAPE  SHAPE_750RECTX900         180.000 NO     DARK 
  PAD SHAPE  SHAPE_540RECTX550         180.000 NO     DARK 
  PAD SHAPE  SHAPE_1100RECT1200        180.000 NO     DARK 
  PAD SHAPE  SHAPE_540RECT550          270.000 NO     DARK 
  PAD SHAPE  SHAPE_1000RECT1800        270.000 NO     DARK 
  PAD SHAPE  SHAPE_950RECT1350         270.000 NO     DARK 

     Top created.


================================================================
     PROCESSING FILM < Bottom >
     TO FILE < C:/svn_work/cc13xx/CC13xx_EM_Design/5x5/CC13xxEM-5XD-7793_L4/Cadence/Allegro/Bottom.art > ...
================================================================

  FILM PARAMETERS :
  ---------------------------------------------------------
  Undefined line width                0.020
  Mirror code                         NONE
  Rotate angle                        NONE
  Offset x:                           0.000
  Offset y:                           0.000
  Plot negative                       NO
  Suppress unconnected internal pads  NO
  Draw holes only                     NO



  APERTURES USED:
  ---------------------------------------------------------
  TYPE       SIZE/NAME                   ROT   MIRROR MODE 
  ---------------------------------------------------------
  CIRCLE     0.02000                                  DARK 
  CIRCLE     0.09900                                  DARK 
  CIRCLE     0.15000                                  DARK 
  CIRCLE     0.20000                                  DARK 
  CIRCLE     0.50000                                  DARK 
  CIRCLE     0.80000                                  DARK 
  OBLONG     0.65000     x 2.05000      90.000 NO     DARK 
  OBLONG     1.00000     x 1.00000       0.000 NO     DARK 

     Bottom created.


================================================================
     PROCESSING FILM < L2 >
     TO FILE < C:/svn_work/cc13xx/CC13xx_EM_Design/5x5/CC13xxEM-5XD-7793_L4/Cadence/Allegro/L2.art > ...
================================================================

  FILM PARAMETERS :
  ---------------------------------------------------------
  Undefined line width                0.000
  Mirror code                         NONE
  Rotate angle                        NONE
  Offset x:                           0.000
  Offset y:                           0.000
  Plot negative                       NO
  Suppress unconnected internal pads  NO
  Draw holes only                     NO

    WARNING: rectangle or unfilled shape composed 0 width line found at (107.350 139.350)
           ... ignored.



  APERTURES USED:
  ---------------------------------------------------------
  TYPE       SIZE/NAME                   ROT   MIRROR MODE 
  ---------------------------------------------------------
  CIRCLE     0.50000                                  DARK 
  CIRCLE     0.80000                                  DARK 

     L2 created with warnings


================================================================
     PROCESSING FILM < L3 >
     TO FILE < C:/svn_work/cc13xx/CC13xx_EM_Design/5x5/CC13xxEM-5XD-7793_L4/Cadence/Allegro/L3.art > ...
================================================================

  FILM PARAMETERS :
  ---------------------------------------------------------
  Undefined line width                0.000
  Mirror code                         NONE
  Rotate angle                        NONE
  Offset x:                           0.000
  Offset y:                           0.000
  Plot negative                       NO
  Suppress unconnected internal pads  NO
  Draw holes only                     NO

    WARNING: rectangle or unfilled shape having Multiple 0 width lines; all will be treated the same as the first.
           ... ignored.



  APERTURES USED:
  ---------------------------------------------------------
  TYPE       SIZE/NAME                   ROT   MIRROR MODE 
  ---------------------------------------------------------
  CIRCLE     0.15000                                  DARK 
  CIRCLE     0.50000                                  DARK 
  CIRCLE     0.80000                                  DARK 

     L3 created with warnings


------------------------------------------------------
 SUMMARY:
        paste_top created.
        paste_bottom created.
        soldmask_top created.
        soldmask_bottom created.
        silk_top created.
        silk_bottom created with warnings
        assembly_bottom created with warnings
        assembly_top created.
        drill created with warnings
        assembly_bot_mir created.
        Top created.
        Bottom created.
        L2 created with warnings
        L3 created with warnings

 ARTWORK had warnings
